[2026-02-18 09:30:03] local.ERROR: file_put_contents(/var/www/projects/example-app/bootstrap/cache/config.php): Failed to open stream: Permission denied {"exception":"[object] (ErrorException(code: 0): file_put_contents(/var/www/projects/example-app/bootstrap/cache/config.php): Failed to open stream: Permission denied at /var/www/projects/example-app/vendor/laravel/framework/src/Illuminate/Filesystem/Filesystem.php:204)
[stacktrace]
#0 /var/www/projects/example-app/vendor/laravel/framework/src/Illuminate/Foundation/Bootstrap/HandleExceptions.php(255): Illuminate\\Foundation\\Bootstrap\\HandleExceptions->handleError()
#1 [internal function]: Illuminate\\Foundation\\Bootstrap\\HandleExceptions->Illuminate\\Foundation\\Bootstrap\\{closure}()
#2 /var/www/projects/example-app/vendor/laravel/framework/src/Illuminate/Filesystem/Filesystem.php(204): file_put_contents()
#3 /var/www/projects/example-app/vendor/laravel/framework/src/Illuminate/Foundation/Console/ConfigCacheCommand.php(65): Illuminate\\Filesystem\\Filesystem->put()
#4 /var/www/projects/example-app/vendor/laravel/framework/src/Illuminate/Container/BoundMethod.php(36): Illuminate\\Foundation\\Console\\ConfigCacheCommand->handle()
#5 /var/www/projects/example-app/vendor/laravel/framework/src/Illuminate/Container/Util.php(41): Illuminate\\Container\\BoundMethod::Illuminate\\Container\\{closure}()
#6 /var/www/projects/example-app/vendor/laravel/framework/src/Illuminate/Container/BoundMethod.php(93): Illuminate\\Container\\Util::unwrapIfClosure()
#7 /var/www/projects/example-app/vendor/laravel/framework/src/Illuminate/Container/BoundMethod.php(37): Illuminate\\Container\\BoundMethod::callBoundMethod()
#8 /var/www/projects/example-app/vendor/laravel/framework/src/Illuminate/Container/Container.php(662): Illuminate\\Container\\BoundMethod::call()
#9 /var/www/projects/example-app/vendor/laravel/framework/src/Illuminate/Console/Command.php(211): Illuminate\\Container\\Container->call()
#10 /var/www/projects/example-app/vendor/symfony/console/Command/Command.php(326): Illuminate\\Console\\Command->execute()
#11 /var/www/projects/example-app/vendor/laravel/framework/src/Illuminate/Console/Command.php(181): Symfony\\Component\\Console\\Command\\Command->run()
#12 /var/www/projects/example-app/vendor/symfony/console/Application.php(1106): Illuminate\\Console\\Command->run()
#13 /var/www/projects/example-app/vendor/symfony/console/Application.php(324): Symfony\\Component\\Console\\Application->doRunCommand()
#14 /var/www/projects/example-app/vendor/symfony/console/Application.php(175): Symfony\\Component\\Console\\Application->doRun()
#15 /var/www/projects/example-app/vendor/laravel/framework/src/Illuminate/Foundation/Console/Kernel.php(201): Symfony\\Component\\Console\\Application->run()
#16 /var/www/projects/example-app/artisan(37): Illuminate\\Foundation\\Console\\Kernel->handle()
#17 {main}
"} 
[2026-02-18 09:31:54] local.ERROR: file_put_contents(/var/www/projects/example-app/bootstrap/cache/config.php): Failed to open stream: Permission denied {"exception":"[object] (ErrorException(code: 0): file_put_contents(/var/www/projects/example-app/bootstrap/cache/config.php): Failed to open stream: Permission denied at /var/www/projects/example-app/vendor/laravel/framework/src/Illuminate/Filesystem/Filesystem.php:204)
[stacktrace]
#0 /var/www/projects/example-app/vendor/laravel/framework/src/Illuminate/Foundation/Bootstrap/HandleExceptions.php(255): Illuminate\\Foundation\\Bootstrap\\HandleExceptions->handleError()
#1 [internal function]: Illuminate\\Foundation\\Bootstrap\\HandleExceptions->Illuminate\\Foundation\\Bootstrap\\{closure}()
#2 /var/www/projects/example-app/vendor/laravel/framework/src/Illuminate/Filesystem/Filesystem.php(204): file_put_contents()
#3 /var/www/projects/example-app/vendor/laravel/framework/src/Illuminate/Foundation/Console/ConfigCacheCommand.php(65): Illuminate\\Filesystem\\Filesystem->put()
#4 /var/www/projects/example-app/vendor/laravel/framework/src/Illuminate/Container/BoundMethod.php(36): Illuminate\\Foundation\\Console\\ConfigCacheCommand->handle()
#5 /var/www/projects/example-app/vendor/laravel/framework/src/Illuminate/Container/Util.php(41): Illuminate\\Container\\BoundMethod::Illuminate\\Container\\{closure}()
#6 /var/www/projects/example-app/vendor/laravel/framework/src/Illuminate/Container/BoundMethod.php(93): Illuminate\\Container\\Util::unwrapIfClosure()
#7 /var/www/projects/example-app/vendor/laravel/framework/src/Illuminate/Container/BoundMethod.php(37): Illuminate\\Container\\BoundMethod::callBoundMethod()
#8 /var/www/projects/example-app/vendor/laravel/framework/src/Illuminate/Container/Container.php(662): Illuminate\\Container\\BoundMethod::call()
#9 /var/www/projects/example-app/vendor/laravel/framework/src/Illuminate/Console/Command.php(211): Illuminate\\Container\\Container->call()
#10 /var/www/projects/example-app/vendor/symfony/console/Command/Command.php(326): Illuminate\\Console\\Command->execute()
#11 /var/www/projects/example-app/vendor/laravel/framework/src/Illuminate/Console/Command.php(181): Symfony\\Component\\Console\\Command\\Command->run()
#12 /var/www/projects/example-app/vendor/symfony/console/Application.php(1106): Illuminate\\Console\\Command->run()
#13 /var/www/projects/example-app/vendor/symfony/console/Application.php(324): Symfony\\Component\\Console\\Application->doRunCommand()
#14 /var/www/projects/example-app/vendor/symfony/console/Application.php(175): Symfony\\Component\\Console\\Application->doRun()
#15 /var/www/projects/example-app/vendor/laravel/framework/src/Illuminate/Foundation/Console/Kernel.php(201): Symfony\\Component\\Console\\Application->run()
#16 /var/www/projects/example-app/artisan(37): Illuminate\\Foundation\\Console\\Kernel->handle()
#17 {main}
"} 
[2026-02-18 09:36:27] local.ERROR: file_put_contents(/var/www/projects/example-app/bootstrap/cache/config.php): Failed to open stream: Permission denied {"exception":"[object] (ErrorException(code: 0): file_put_contents(/var/www/projects/example-app/bootstrap/cache/config.php): Failed to open stream: Permission denied at /var/www/projects/example-app/vendor/laravel/framework/src/Illuminate/Filesystem/Filesystem.php:204)
[stacktrace]
#0 /var/www/projects/example-app/vendor/laravel/framework/src/Illuminate/Foundation/Bootstrap/HandleExceptions.php(255): Illuminate\\Foundation\\Bootstrap\\HandleExceptions->handleError()
#1 [internal function]: Illuminate\\Foundation\\Bootstrap\\HandleExceptions->Illuminate\\Foundation\\Bootstrap\\{closure}()
#2 /var/www/projects/example-app/vendor/laravel/framework/src/Illuminate/Filesystem/Filesystem.php(204): file_put_contents()
#3 /var/www/projects/example-app/vendor/laravel/framework/src/Illuminate/Foundation/Console/ConfigCacheCommand.php(65): Illuminate\\Filesystem\\Filesystem->put()
#4 /var/www/projects/example-app/vendor/laravel/framework/src/Illuminate/Container/BoundMethod.php(36): Illuminate\\Foundation\\Console\\ConfigCacheCommand->handle()
#5 /var/www/projects/example-app/vendor/laravel/framework/src/Illuminate/Container/Util.php(41): Illuminate\\Container\\BoundMethod::Illuminate\\Container\\{closure}()
#6 /var/www/projects/example-app/vendor/laravel/framework/src/Illuminate/Container/BoundMethod.php(93): Illuminate\\Container\\Util::unwrapIfClosure()
#7 /var/www/projects/example-app/vendor/laravel/framework/src/Illuminate/Container/BoundMethod.php(37): Illuminate\\Container\\BoundMethod::callBoundMethod()
#8 /var/www/projects/example-app/vendor/laravel/framework/src/Illuminate/Container/Container.php(662): Illuminate\\Container\\BoundMethod::call()
#9 /var/www/projects/example-app/vendor/laravel/framework/src/Illuminate/Console/Command.php(211): Illuminate\\Container\\Container->call()
#10 /var/www/projects/example-app/vendor/symfony/console/Command/Command.php(326): Illuminate\\Console\\Command->execute()
#11 /var/www/projects/example-app/vendor/laravel/framework/src/Illuminate/Console/Command.php(181): Symfony\\Component\\Console\\Command\\Command->run()
#12 /var/www/projects/example-app/vendor/symfony/console/Application.php(1106): Illuminate\\Console\\Command->run()
#13 /var/www/projects/example-app/vendor/symfony/console/Application.php(324): Symfony\\Component\\Console\\Application->doRunCommand()
#14 /var/www/projects/example-app/vendor/symfony/console/Application.php(175): Symfony\\Component\\Console\\Application->doRun()
#15 /var/www/projects/example-app/vendor/laravel/framework/src/Illuminate/Foundation/Console/Kernel.php(201): Symfony\\Component\\Console\\Application->run()
#16 /var/www/projects/example-app/artisan(37): Illuminate\\Foundation\\Console\\Kernel->handle()
#17 {main}
"} 
